<?xml version="1.0" encoding="UTF-8"?>
<testng-results skipped="0" failed="0" ignored="0" total="2" passed="2">
  <reporter-output>
  </reporter-output>
  <suite name="Default suite" duration-ms="30670" started-at="2019-05-31T11:03:07Z" finished-at="2019-05-31T11:03:37Z">
    <groups>
    </groups>
    <test name="Default test" duration-ms="30670" started-at="2019-05-31T11:03:07Z" finished-at="2019-05-31T11:03:37Z">
      <class name="testselenium.Testng1">
        <test-method status="PASS" signature="f()[pri:0, instance:testselenium.Testng1@4c70fda8]" name="f" duration-ms="30610" started-at="2019-05-31T11:03:07Z" finished-at="2019-05-31T11:03:37Z">
          <reporter-output>
          </reporter-output>
        </test-method> <!-- f -->
        <test-method status="PASS" signature="shri()[pri:0, instance:testselenium.Testng1@4c70fda8]" name="shri" duration-ms="26" started-at="2019-05-31T11:03:37Z" finished-at="2019-05-31T11:03:37Z">
          <reporter-output>
          </reporter-output>
        </test-method> <!-- shri -->
      </class> <!-- testselenium.Testng1 -->
    </test> <!-- Default test -->
  </suite> <!-- Default suite -->
</testng-results>
